<?xml version="1.0" encoding="UTF-8"?>
<!-- Generated by org.testng.reporters.JUnitXMLReporter -->
<testsuite ignored="0" hostname="vinodhpc" failures="0" tests="5" name="Surefire test" time="0.043" errors="0" timestamp="2025-06-12T08:22:21 IST">
  <testcase classname="com.testcode.MathTest" name="testAdd" time="0.005"/>
  <testcase classname="com.testcode.MathTest" name="testDivide" time="0.0"/>
  <testcase classname="com.testcode.MathTest" name="testDivideByZero" time="0.0"/>
  <testcase classname="com.testcode.MathTest" name="testMultiply" time="0.0"/>
  <testcase classname="com.testcode.MathTest" name="testSubtract" time="0.0"/>
</testsuite> <!-- Surefire test -->
