<?xml version="1.0" encoding="UTF-8"?>
<testsuite xmlns:xsi="http://www.w3.org/2001/XMLSchema-instance" xsi:noNamespaceSchemaLocation="https://maven.apache.org/surefire/maven-surefire-plugin/xsd/surefire-test-report-3.0.xsd" version="3.0" name="com.testcode.MathTest" time="0.393" tests="5" errors="0" skipped="0" failures="0">
  <properties>
[...]
</properties>
  <testcase name="testAdd" classname="com.testcode.MathTest" time="0.004">
    <system-err><![CDATA[SLF4J: Failed to load class "org.slf4j.impl.StaticLoggerBinder".
SLF4J: Defaulting to no-operation (NOP) logger implementation
SLF4J: See http://www.slf4j.org/codes.html#StaticLoggerBinder for further details.
]]></system-err>
  </testcase>
  <testcase name="testDivide" classname="com.testcode.MathTest" time="0.0"/>
  <testcase name="testDivideByZero" classname="com.testcode.MathTest" time="0.001"/>
  <testcase name="testMultiply" classname="com.testcode.MathTest" time="0.0"/>
  <testcase name="testSubtract" classname="com.testcode.MathTest" time="0.0"/>
</testsuite>